[36;34;0m2019-03-30 12:55:44	INFO :	SYSTEM	交易服务器连接状态:True
[36;34;0m2019-03-30 12:55:45	INFO :	SYSTEM	收到合约数据
[36;34;0m2019-03-30 12:55:45	INFO :	SYSTEM	关闭交易服务器链接
[36;34;0m2019-03-30 12:55:45	INFO :	SYSTEM	数据服务器连接.
[36;34;0m2019-03-30 12:55:45	INFO :	SYSTEM	数据服务器登录完成.
[36;34;0m2019-03-30 12:55:47	INFO :	SYSTEM	准备订阅新的数据
[36;34;0m2019-03-30 12:55:47	INFO :	SYSTEM	成功订阅
[36;34;0m2019-03-30 12:55:47	INFO :	SYSTEM	启动成功
[36;34;0m2019-03-30 12:57:02	INFO :	SYSTEM	交易服务器连接状态:True
[36;34;0m2019-03-30 12:57:03	INFO :	SYSTEM	收到合约数据
[36;34;0m2019-03-30 12:57:03	INFO :	SYSTEM	关闭交易服务器链接
[36;34;0m2019-03-30 12:57:03	INFO :	SYSTEM	数据服务器连接.
[36;34;0m2019-03-30 12:57:03	INFO :	SYSTEM	数据服务器登录完成.
[36;34;0m2019-03-30 12:57:05	INFO :	SYSTEM	准备订阅新的数据
[36;34;0m2019-03-30 12:57:05	INFO :	SYSTEM	成功订阅
[36;34;0m2019-03-30 12:57:05	INFO :	SYSTEM	启动成功
[36;34;0m2019-03-30 14:34:28	INFO :	SYSTEM	交易服务器连接状态:True
[36;34;0m2019-03-30 14:34:29	INFO :	SYSTEM	收到合约数据
[36;34;0m2019-03-30 14:34:29	INFO :	SYSTEM	关闭交易服务器链接
[36;34;0m2019-03-30 14:34:29	INFO :	SYSTEM	数据服务器连接.
[36;34;0m2019-03-30 14:34:29	INFO :	SYSTEM	数据服务器登录完成.
[36;34;0m2019-03-30 14:34:31	INFO :	SYSTEM	准备订阅新的数据
[36;34;0m2019-03-30 14:34:31	INFO :	SYSTEM	成功订阅
[36;34;0m2019-03-30 14:34:31	INFO :	SYSTEM	启动成功
[36;34;0m2019-03-30 14:48:08	INFO :	SYSTEM	启动行情记录守护父进程
[36;34;0m2019-03-30 14:48:08	INFO :	SYSTEM	时间不允许
[36;34;0m2019-03-30 14:48:12	INFO :	SYSTEM	启动行情记录守护父进程
[36;34;0m2019-03-30 14:48:12	INFO :	SYSTEM	时间不允许
[36;34;0m2019-03-30 14:48:17	INFO :	SYSTEM	时间不允许
[36;34;0m2019-03-30 14:48:22	INFO :	SYSTEM	时间不允许
[36;34;0m2019-03-30 14:49:11	INFO :	SYSTEM	启动行情记录守护父进程
[36;34;0m2019-03-30 14:49:11	INFO :	SYSTEM	时间不允许
[36;34;0m2019-03-30 14:49:16	INFO :	SYSTEM	时间不允许
